warning: Git tree '/home/marc/.dotfiles' is dirty
building the system configuration...
warning: Git tree '/home/marc/.dotfiles' is dirty
copying path '/nix/store/dx2qikyb4dyb6hbdfywbmsyla0z5a1h3-source' from 'https://cache.nixos.org'...
evaluation warning: marc profile: [Zen Browser] Starting from release 18.18.6b, the configuration directory
                    has changed from ~/.zen to ~/.config/zen.

                    If you haven't migrated yet, please follow the migration guide:
                    https://github.com/0xc000022070/zen-browser-flake#missing-configuration-after-update

                    To suppress this warning after completing the migration, set:
                      programs.zen-browser.suppressXdgMigrationWarning = true;
evaluation warning: marc profile: `programs.ssh` default values will be removed in the future.
                    Consider setting `programs.ssh.enableDefaultConfig` to false,
                    and manually set the default values you want to keep at
                    `programs.ssh.matchBlocks."*"`.
these 22 derivations will be built:
  /nix/store/1a2jscwzv07lrynghkqap8g29lha4jkz-unit-pipewire-pulse.socket-disabled.drv
  /nix/store/3fif62wndqmidmb130503c02hxs9b4km-unit-wireplumber.service-disabled.drv
  /nix/store/aa846pmsyv5zchfqk8299vk0ifjp8wy9-unit-script-suid-sgid-wrappers-start.drv
  /nix/store/dgswlc5mzr76kh44i4qxx1izrqfivfxl-unit-suid-sgid-wrappers.service.drv
  /nix/store/hn17xlyd4g5w2dv9f20p1576lgxhn0kk-unit-pipewire.socket-disabled.drv
  /nix/store/jfsyn5q6yzlmra2lzfrcswdrcw81ynnq-unit-console-getty.service-disabled.drv
  /nix/store/k6m72wjql0rh9qy7faqvzc202hymzqpc-builder.pl.drv
  /nix/store/r8496b76i34am9i5qhrb1vjgkdcyb58a-system-path.drv
  /nix/store/4wgnc1s4b2fcgr25hb20lvqq926bqh1s-dbus-1.drv
  /nix/store/i0vg39vn2lpg9xx98crprrvj8djh9ikm-X-Restart-Triggers-dbus.drv
  /nix/store/mypk53dkfph8mx3xp1k7wq707dvqv7kj-unit-dbus.service.drv
  /nix/store/2m0a4vqjk21wsgq9dhzj73p2fc49pdyg-X-Restart-Triggers-polkit.drv
  /nix/store/qm72if8v2b3r99kqcwn5mrr9m65nz3ks-unit-polkit.service.drv
  /nix/store/z9xbn5kihyrha34zzsal8x5bdbwggpnj-unit-pipewire-pulse.service-disabled.drv
  /nix/store/0yk0sfqrbzi2k8dqj2hxa0gijk51vvq7-system-units.drv
  /nix/store/dc1qwhrl383y8apy2nvvvc0zjni6sfyc-etc-systemd-logind.conf.drv
  /nix/store/mp7ssf3cl5n431xk7fgv033zbza1bpdd-unit-dbus.service.drv
  /nix/store/yxa09725y1y844hdz2b2j4s5106s8z8z-user-units.drv
  /nix/store/gdiljdx2nbb8rzg7li7s2y1n6qf2p101-etc.drv
  /nix/store/pi38bkyrd1rkig7ybkwiyh84vwwdiirf-boot.json.drv
  /nix/store/szzylyfgnrnbcnmq162ch64anap7qzv7-perl-5.40.0-env.drv
  /nix/store/rhrbqx0xq9fdw0v2hwinsvzq1gxq6a4b-nixos-system-nixos-25.11.20260224.e764fc9.drv
these 17 paths will be fetched (2.65 MiB download, 24.24 MiB unpacked):
  /nix/store/777hqjjpdizzccsf9x9v3mmaa9pq89md-check-sshd-config
  /nix/store/5xcak284rxfy79wblfbri0kanrzcz7g3-desktop-file-utils-0.28
  /nix/store/b9sykdhgwl9xsgnnsacxp6l5plz8h2lv-die-hook
  /nix/store/wd7mypdhprinkqfmwag00wa7pkcw9fv8-ensure-all-wrappers-paths-exist
  /nix/store/nbyy447nn6grvdindk8as26z9fwypc79-file-5.45
  /nix/store/j1qma2z520jmzvs4xcy603kfdi7gwazp-find-xml-catalogs-hook
  /nix/store/03rbcfgdm4n07lsl1yxdgv1qmcx3d72v-getconf-glibc-2.40-218
  /nix/store/fgrv8x98dp0chacqvkssl2fvxyckizfa-gnu-config-2024-01-01
  /nix/store/xp29m40k5crmry03k3z2la03l06y3r2i-gnumake-4.4.1
  /nix/store/sl80p4m9x9xpji46z7x5f2lb5fh1cxjn-libxslt-1.1.45-bin
  /nix/store/6sbc2nv4bgl2drlwdqk6j09accacg8mb-lndir-1.0.5
  /nix/store/6c0m2l786yi8b5zwgzzcp8sgd1p8rllb-make-binary-wrapper-hook
  /nix/store/rxlbkfv0rigm7dbsgg8a7lyf2ha7xhqw-make-shell-wrapper-hook
  /nix/store/28wd9y9ndcgjqc7qrjszvghfv4r2kdrn-patchelf-0.15.2
  /nix/store/5v9y5h8cjx39r2rcp97x8qd4acjlzvi7-stdenv-linux
  /nix/store/22706lgzf6skc8yyxcpd5hwiv549n6pn-texinfo-7.2
  /nix/store/fsv41lv1q02kkycgx48s0h578y7j3gw2-update-autotools-gnu-config-scripts-hook
copying path '/nix/store/777hqjjpdizzccsf9x9v3mmaa9pq89md-check-sshd-config' from 'https://cache.nixos.org'...
copying path '/nix/store/wd7mypdhprinkqfmwag00wa7pkcw9fv8-ensure-all-wrappers-paths-exist' from 'https://cache.nixos.org'...
copying path '/nix/store/b9sykdhgwl9xsgnnsacxp6l5plz8h2lv-die-hook' from 'https://cache.nixos.org'...
copying path '/nix/store/fgrv8x98dp0chacqvkssl2fvxyckizfa-gnu-config-2024-01-01' from 'https://cache.nixos.org'...
copying path '/nix/store/nbyy447nn6grvdindk8as26z9fwypc79-file-5.45' from 'https://cache.nixos.org'...
copying path '/nix/store/28wd9y9ndcgjqc7qrjszvghfv4r2kdrn-patchelf-0.15.2' from 'https://cache.nixos.org'...
copying path '/nix/store/xp29m40k5crmry03k3z2la03l06y3r2i-gnumake-4.4.1' from 'https://cache.nixos.org'...
copying path '/nix/store/5xcak284rxfy79wblfbri0kanrzcz7g3-desktop-file-utils-0.28' from 'https://cache.nixos.org'...
copying path '/nix/store/03rbcfgdm4n07lsl1yxdgv1qmcx3d72v-getconf-glibc-2.40-218' from 'https://cache.nixos.org'...
copying path '/nix/store/22706lgzf6skc8yyxcpd5hwiv549n6pn-texinfo-7.2' from 'https://cache.nixos.org'...
copying path '/nix/store/j1qma2z520jmzvs4xcy603kfdi7gwazp-find-xml-catalogs-hook' from 'https://cache.nixos.org'...
copying path '/nix/store/6sbc2nv4bgl2drlwdqk6j09accacg8mb-lndir-1.0.5' from 'https://cache.nixos.org'...
copying path '/nix/store/sl80p4m9x9xpji46z7x5f2lb5fh1cxjn-libxslt-1.1.45-bin' from 'https://cache.nixos.org'...
copying path '/nix/store/6c0m2l786yi8b5zwgzzcp8sgd1p8rllb-make-binary-wrapper-hook' from 'https://cache.nixos.org'...
copying path '/nix/store/fsv41lv1q02kkycgx48s0h578y7j3gw2-update-autotools-gnu-config-scripts-hook' from 'https://cache.nixos.org'...
copying path '/nix/store/rxlbkfv0rigm7dbsgg8a7lyf2ha7xhqw-make-shell-wrapper-hook' from 'https://cache.nixos.org'...
copying path '/nix/store/5v9y5h8cjx39r2rcp97x8qd4acjlzvi7-stdenv-linux' from 'https://cache.nixos.org'...
building '/nix/store/pi38bkyrd1rkig7ybkwiyh84vwwdiirf-boot.json.drv'...
building '/nix/store/k6m72wjql0rh9qy7faqvzc202hymzqpc-builder.pl.drv'...
building '/nix/store/dc1qwhrl383y8apy2nvvvc0zjni6sfyc-etc-systemd-logind.conf.drv'...
building '/nix/store/jfsyn5q6yzlmra2lzfrcswdrcw81ynnq-unit-console-getty.service-disabled.drv'...
building '/nix/store/z9xbn5kihyrha34zzsal8x5bdbwggpnj-unit-pipewire-pulse.service-disabled.drv'...
building '/nix/store/1a2jscwzv07lrynghkqap8g29lha4jkz-unit-pipewire-pulse.socket-disabled.drv'...
building '/nix/store/hn17xlyd4g5w2dv9f20p1576lgxhn0kk-unit-pipewire.socket-disabled.drv'...
building '/nix/store/aa846pmsyv5zchfqk8299vk0ifjp8wy9-unit-script-suid-sgid-wrappers-start.drv'...
building '/nix/store/3fif62wndqmidmb130503c02hxs9b4km-unit-wireplumber.service-disabled.drv'...
building '/nix/store/dgswlc5mzr76kh44i4qxx1izrqfivfxl-unit-suid-sgid-wrappers.service.drv'...
building '/nix/store/szzylyfgnrnbcnmq162ch64anap7qzv7-perl-5.40.0-env.drv'...
building '/nix/store/r8496b76i34am9i5qhrb1vjgkdcyb58a-system-path.drv'...
building '/nix/store/2m0a4vqjk21wsgq9dhzj73p2fc49pdyg-X-Restart-Triggers-polkit.drv'...
building '/nix/store/4wgnc1s4b2fcgr25hb20lvqq926bqh1s-dbus-1.drv'...
building '/nix/store/qm72if8v2b3r99kqcwn5mrr9m65nz3ks-unit-polkit.service.drv'...
building '/nix/store/i0vg39vn2lpg9xx98crprrvj8djh9ikm-X-Restart-Triggers-dbus.drv'...
building '/nix/store/mp7ssf3cl5n431xk7fgv033zbza1bpdd-unit-dbus.service.drv'...
building '/nix/store/mypk53dkfph8mx3xp1k7wq707dvqv7kj-unit-dbus.service.drv'...
building '/nix/store/yxa09725y1y844hdz2b2j4s5106s8z8z-user-units.drv'...
building '/nix/store/0yk0sfqrbzi2k8dqj2hxa0gijk51vvq7-system-units.drv'...
building '/nix/store/gdiljdx2nbb8rzg7li7s2y1n6qf2p101-etc.drv'...
building '/nix/store/rhrbqx0xq9fdw0v2hwinsvzq1gxq6a4b-nixos-system-nixos-25.11.20260224.e764fc9.drv'...
stopping the following units: cron.service
activating the configuration...
setting up /etc...
removing obsolete file ‘/etc/crontab’...
reloading user units for marc...
restarting sysinit-reactivation.target
reloading the following units: dbus.service
restarting the following units: polkit.service
the following new units were started: NetworkManager-dispatcher.service, sysinit-reactivation.target, systemd-tmpfiles-resetup.service
Done. The new configuration is /nix/store/p125ayk3vgdg9hv5khyxrlrqhs2j15vs-nixos-system-nixos-25.11.20260224.e764fc9
